0 info it worked if it ends with ok
1 verbose cli [ 'C:\\Program Files\\nodejs\\node.exe',
1 verbose cli   'C:\\Program Files\\nodejs\\node_modules\\npm\\bin\\npm-cli.js',
1 verbose cli   'run',
1 verbose cli   'dev' ]
2 info using npm@3.10.9
3 info using node@v7.1.0
4 verbose run-script [ 'predev', 'dev', 'postdev' ]
5 info lifecycle truffle-init-webpack@0.0.1~predev: truffle-init-webpack@0.0.1
6 silly lifecycle truffle-init-webpack@0.0.1~predev: no script for predev, continuing
7 info lifecycle truffle-init-webpack@0.0.1~dev: truffle-init-webpack@0.0.1
8 verbose lifecycle truffle-init-webpack@0.0.1~dev: unsafe-perm in lifecycle true
9 verbose lifecycle truffle-init-webpack@0.0.1~dev: PATH: C:\Program Files\nodejs\node_modules\npm\bin\node-gyp-bin;F:\ethereum\projects\blockchain_food\node_modules\.bin;C:\Python27\;C:\Python27\Scripts;C:\ProgramData\Oracle\Java\javapath;C:\Windows\system32;C:\Windows;C:\Windows\System32\Wbem;C:\Windows\System32\WindowsPowerShell\v1.0\;C:\Program Files\Hewlett-Packard\SimplePass\;C:\Program Files (x86)\NVIDIA Corporation\PhysX\Common;C:\Program Files (x86)\GTK2-Runtime\lib;C:\Program Files (x86)\Brackets\command;C:\Windows\system32\config\systemprofile\.dnx\bin;C:\Program Files\Microsoft DNX\Dnvm\;C:\Program Files (x86)\PuTTY\;C:\ProgramData\ComposerSetup\bin;C:\Program Files\nodejs\;E:\wamp\bin\php\php5.6.28;C:\Python27\;E:\software installation\matlab\runtime\win64;E:\software installation\matlab\bin;E:\software installation\matlab\polyspace\bin;C:\ProgramData\chocolatey\bin;C:\Program Files\Java\jdk1.8.0_131\bin;c:\tools\msys64\usr\bin;C:\Program Files (x86)\GtkSharp\2.12\bin;C:\Program Files\Intel\WiFi\bin\;C:\Program Files\Common Files\Intel\WirelessCommon\;C:\Program Files\Geth;C:\Qt\4.0.0\bin;C:\Users\user\AppData\Roaming\Composer\vendor\bin;C:\Users\user\AppData\Roaming\npm;E:\software installation\Nmap;C:\ProgramData\chocolatey\lib\msys2;C:\tools\msys64;C:\Program Files\Intel\WiFi\bin\;C:\Program Files\Common Files\Intel\WirelessCommon\
10 verbose lifecycle truffle-init-webpack@0.0.1~dev: CWD: F:\ethereum\projects\blockchain_food
11 silly lifecycle truffle-init-webpack@0.0.1~dev: Args: [ '/d /s /c', 'webpack-dev-server' ]
12 silly lifecycle truffle-init-webpack@0.0.1~dev: Returned: code: 1  signal: null
13 info lifecycle truffle-init-webpack@0.0.1~dev: Failed to exec dev script
14 verbose stack Error: truffle-init-webpack@0.0.1 dev: `webpack-dev-server`
14 verbose stack Exit status 1
14 verbose stack     at EventEmitter.<anonymous> (C:\Program Files\nodejs\node_modules\npm\lib\utils\lifecycle.js:255:16)
14 verbose stack     at emitTwo (events.js:106:13)
14 verbose stack     at EventEmitter.emit (events.js:191:7)
14 verbose stack     at ChildProcess.<anonymous> (C:\Program Files\nodejs\node_modules\npm\lib\utils\spawn.js:40:14)
14 verbose stack     at emitTwo (events.js:106:13)
14 verbose stack     at ChildProcess.emit (events.js:191:7)
14 verbose stack     at maybeClose (internal/child_process.js:885:16)
14 verbose stack     at Process.ChildProcess._handle.onexit (internal/child_process.js:226:5)
15 verbose pkgid truffle-init-webpack@0.0.1
16 verbose cwd F:\ethereum\projects\blockchain_food
17 error Windows_NT 6.3.9600
18 error argv "C:\\Program Files\\nodejs\\node.exe" "C:\\Program Files\\nodejs\\node_modules\\npm\\bin\\npm-cli.js" "run" "dev"
19 error node v7.1.0
20 error npm  v3.10.9
21 error code ELIFECYCLE
22 error truffle-init-webpack@0.0.1 dev: `webpack-dev-server`
22 error Exit status 1
23 error Failed at the truffle-init-webpack@0.0.1 dev script 'webpack-dev-server'.
23 error Make sure you have the latest version of node.js and npm installed.
23 error If you do, this is most likely a problem with the truffle-init-webpack package,
23 error not with npm itself.
23 error Tell the author that this fails on your system:
23 error     webpack-dev-server
23 error You can get information on how to open an issue for this project with:
23 error     npm bugs truffle-init-webpack
23 error Or if that isn't available, you can get their info via:
23 error     npm owner ls truffle-init-webpack
23 error There is likely additional logging output above.
24 verbose exit [ 1, true ]
